INFO:sena:REQ GET /health
INFO:sena:RES GET /health 200
INFO:sena:REQ GET /health
INFO:sena:RES GET /health 200
INFO:sena:REQ GET /health
INFO:sena:RES GET /health 200
INFO:sena:REQ GET /health
INFO:sena:RES GET /health 200
INFO:sena:REQ GET /health
INFO:sena:RES GET /health 200
INFO:sena:REQ GET /health
INFO:sena:RES GET /health 200
INFO:sena:REQ POST /plan
INFO:sena:RES POST /plan 200
INFO:sena:REQ POST /exec
INFO:sena:RES POST /exec 200
INFO:sena:REQ GET /health
INFO:sena:RES GET /health 200
INFO:sena:REQ POST /plan
INFO:sena:RES POST /plan 200
INFO:sena:REQ POST /exec
INFO:sena:RES POST /exec 200
INFO:sena:REQ GET /health
INFO:sena:RES GET /health 200
INFO:sena:REQ GET /health
INFO:sena:RES GET /health 200
INFO:sena:REQ POST /plan
INFO:sena:RES POST /plan 200
INFO:sena:REQ POST /exec
INFO:sena:RES POST /exec 200
INFO:sena:REQ GET /health
INFO:sena:RES GET /health 200
INFO:sena:REQ POST /plan
INFO:sena:RES POST /plan 200
INFO:sena:REQ POST /exec
INFO:sena:RES POST /exec 200
INFO:sena:REQ GET /health
INFO:sena:RES GET /health 200
INFO:sena:REQ GET /health
INFO:sena:RES GET /health 200
INFO:sena:REQ POST /plan
INFO:sena:RES POST /plan 200
INFO:sena:REQ POST /exec
INFO:sena:RES POST /exec 200
INFO:sena:REQ GET /health
INFO:sena:RES GET /health 200
INFO:sena:REQ POST /plan
INFO:sena:RES POST /plan 200
INFO:sena:REQ POST /exec
INFO:sena:RES POST /exec 200
INFO:sena:REQ GET /health
INFO:sena:RES GET /health 200
INFO:sena:REQ GET /health
INFO:sena:RES GET /health 200
INFO:sena:REQ GET /health
INFO:sena:RES GET /health 200
INFO:sena:REQ POST /plan
INFO:sena:RES POST /plan 200
INFO:sena:REQ POST /exec
INFO:sena:RES POST /exec 200
INFO:sena:REQ GET /health
INFO:sena:RES GET /health 200
INFO:sena:REQ POST /plan
INFO:sena:RES POST /plan 200
INFO:sena:REQ POST /exec
INFO:sena:RES POST /exec 200
INFO:sena:REQ GET /health
INFO:sena:RES GET /health 200
INFO:sena:REQ GET /health
INFO:sena:RES GET /health 200
INFO:sena:REQ GET /health
INFO:sena:RES GET /health 200
INFO:sena:REQ POST /plan
INFO:sena:RES POST /plan 200
INFO:sena:REQ POST /exec
INFO:sena:RES POST /exec 200
INFO:sena:REQ GET /health
INFO:sena:RES GET /health 200
INFO:sena:REQ POST /plan
INFO:sena:RES POST /plan 200
INFO:sena:REQ POST /exec
INFO:sena:RES POST /exec 200
INFO:sena:REQ GET /health
INFO:sena:RES GET /health 200
INFO:sena:REQ GET /health
INFO:sena:RES GET /health 200
INFO:sena:REQ POST /plan
INFO:sena:RES POST /plan 200
INFO:sena:REQ POST /exec
INFO:sena:RES POST /exec 200
INFO:sena:REQ GET /health
INFO:sena:RES GET /health 200
INFO:sena:REQ POST /plan
INFO:sena:RES POST /plan 200
INFO:sena:REQ POST /exec
INFO:sena:RES POST /exec 200
INFO:sena:REQ GET /health
INFO:sena:RES GET /health 200
INFO:sena:REQ GET /health
INFO:sena:RES GET /health 200
INFO:sena:REQ POST /plan
INFO:sena:RES POST /plan 200
INFO:sena:REQ POST /exec
INFO:sena:RES POST /exec 200
INFO:sena:REQ GET /health
INFO:sena:RES GET /health 200
INFO:sena:REQ POST /plan
INFO:sena:RES POST /plan 200
INFO:sena:REQ POST /exec
INFO:sena:RES POST /exec 200
